2024-02-22T21:16:52.342+0800	INFO	db/db..go:24	create db success
2024-02-22T21:46:13.226+0800	INFO	db/db..go:24	create db success
2024-02-22T21:48:16.092+0800	INFO	db/db..go:24	create db success
2024-02-22T21:49:01.698+0800	INFO	zap@v0.2.0/zap.go:91	/ping	{"status": 200, "method": "GET", "path": "/ping", "query": "", "ip": "127.0.0.1", "user-agent": "axios/0.21.1", "latency": "155.384µs", "time": "2024-02-22T13:49:01Z"}
2024-02-25T20:07:37.745+0800	INFO	db/db.go:24	create db success
2024-02-25T20:30:51.850+0800	INFO	db/db.go:24	create db success
2024-02-25T20:33:49.856+0800	INFO	db/db.go:25	create db success
2024-02-25T20:35:24.667+0800	INFO	db/db.go:25	create db success
2024-02-25T20:35:24.828+0800	INFO	db/db.go:35	create table successful.
2024-02-25T20:40:02.746+0800	INFO	op/user.go:23	%s 登陆失败，账户密码错误.
2024-02-25T20:40:02.746+0800	INFO	zap@v0.2.0/zap.go:91	/login	{"status": 200, "method": "POST", "path": "/login", "query": "", "ip": "127.0.0.1", "user-agent": "axios/0.21.1", "latency": "3.792759ms", "time": "2024-02-25T12:40:02Z"}
2024-02-25T20:40:57.031+0800	INFO	op/user.go:23	%s 登陆失败，账户密码错误.
2024-02-25T20:40:58.774+0800	INFO	zap@v0.2.0/zap.go:91	/login	{"status": 200, "method": "POST", "path": "/login", "query": "", "ip": "127.0.0.1", "user-agent": "axios/0.21.1", "latency": "16.788437016s", "time": "2024-02-25T12:40:58Z"}
2024-02-25T20:41:58.681+0800	INFO	db/db.go:25	create db success
2024-02-25T20:41:58.721+0800	INFO	db/db.go:35	create table successful.
2024-02-25T20:42:30.597+0800	INFO	zap@v0.2.0/zap.go:91	/login	{"status": 200, "method": "POST", "path": "/login", "query": "", "ip": "127.0.0.1", "user-agent": "axios/0.21.1", "latency": "22.480216666s", "time": "2024-02-25T12:42:30Z"}
2024-02-25T21:12:54.837+0800	INFO	db/db.go:25	create db success
2024-02-25T21:12:54.873+0800	INFO	db/db.go:35	create table successful.
2024-02-25T21:13:09.572+0800	INFO	zap@v0.2.0/zap.go:91	/login	{"status": 200, "method": "POST", "path": "/login", "query": "", "ip": "127.0.0.1", "user-agent": "axios/0.21.1", "latency": "3.274502397s", "time": "2024-02-25T13:13:09Z"}
2024-02-25T21:15:55.238+0800	INFO	zap@v0.2.0/zap.go:91	/login	{"status": 200, "method": "POST", "path": "/login", "query": "", "ip": "::1", "user-agent": "Apifox/1.0.0 (https://apifox.com)", "latency": "5.441975ms", "time": "2024-02-25T13:15:55Z"}
2024-02-25T21:17:25.260+0800	INFO	zap@v0.2.0/zap.go:91	/login	{"status": 200, "method": "POST", "path": "/login", "query": "", "ip": "::1", "user-agent": "Apifox/1.0.0 (https://apifox.com)", "latency": "3.933292ms", "time": "2024-02-25T13:17:25Z"}
2024-02-25T21:17:32.531+0800	INFO	zap@v0.2.0/zap.go:91	/v1/user/	{"status": 200, "method": "GET", "path": "/v1/user/", "query": "", "ip": "::1", "user-agent": "Apifox/1.0.0 (https://apifox.com)", "latency": "30.962µs", "time": "2024-02-25T13:17:32Z"}
2024-02-25T21:18:49.435+0800	INFO	zap@v0.2.0/zap.go:91	/v1/user/	{"status": 200, "method": "GET", "path": "/v1/user/", "query": "", "ip": "::1", "user-agent": "Apifox/1.0.0 (https://apifox.com)", "latency": "23.238µs", "time": "2024-02-25T13:18:49Z"}
2024-02-25T21:19:55.289+0800	INFO	db/db.go:25	create db success
2024-02-25T21:19:55.332+0800	INFO	db/db.go:35	create table successful.
2024-02-25T21:24:53.362+0800	INFO	db/db.go:25	create db success
2024-02-25T21:24:53.399+0800	INFO	db/db.go:35	create table successful.
2024-02-25T21:25:32.165+0800	INFO	db/db.go:25	create db success
2024-02-25T21:25:32.214+0800	INFO	db/db.go:35	create table successful.
2024-02-25T21:30:36.159+0800	INFO	zap@v0.2.0/zap.go:91	/v1/user/	{"status": 200, "method": "GET", "path": "/v1/user/", "query": "", "ip": "::1", "user-agent": "Apifox/1.0.0 (https://apifox.com)", "latency": "4m47.169416739s", "time": "2024-02-25T13:30:36Z"}
2024-02-25T21:30:47.333+0800	INFO	zap@v0.2.0/zap.go:91	/v1/user/	{"status": 200, "method": "GET", "path": "/v1/user/", "query": "", "ip": "::1", "user-agent": "Apifox/1.0.0 (https://apifox.com)", "latency": "5.156464603s", "time": "2024-02-25T13:30:47Z"}
2024-02-25T21:32:32.613+0800	INFO	db/db.go:25	create db success
2024-02-25T21:32:32.658+0800	INFO	db/db.go:35	create table successful.
2024-02-25T21:33:14.333+0800	INFO	zap@v0.2.0/zap.go:91	/v1/user/	{"status": 200, "method": "GET", "path": "/v1/user/", "query": "", "ip": "::1", "user-agent": "Apifox/1.0.0 (https://apifox.com)", "latency": "11.036125916s", "time": "2024-02-25T13:33:14Z"}
